<?xml version="1.0" encoding="UTF-8"?>
<!-- Generated by org.testng.reporters.JUnitReportReporter -->
<testsuite skipped="1" hostname="aravindramesh" name="iam.PROGRAM_delete_program.TC_04_delete_program_with_active_status_programkey" tests="2" failures="0" timestamp="01 Jul 2020 06:36:16 GMT" time="1.863" errors="1">
  <testcase name="TC_01_delete_program_by_valid_programkey_" time="0.001" classname="iam.PROGRAM_delete_program.TC_04_delete_program_with_active_status_programkey">
    <skipped/>
  </testcase> <!-- TC_01_delete_program_by_valid_programkey_ -->
  <testcase name="deleteProgram1" time="1.862" classname="iam.PROGRAM_delete_program.TC_04_delete_program_with_active_status_programkey">
    <error type="java.lang.StringIndexOutOfBoundsException" message="String index out of range: -10">
      <![CDATA[java.lang.StringIndexOutOfBoundsException: String index out of range: -10
	at java.lang.String.substring(String.java:1931)
	at mobeixapi.base.base.getFilter3(base.java:492)
	at iam.PROGRAM_delete_program.TC_04_delete_program_with_active_status_programkey.deleteProgram1(TC_04_delete_program_with_active_status_programkey.java:24)
	at sun.reflect.NativeMethodAccessorImpl.invoke0(Native Method)
	at sun.reflect.NativeMethodAccessorImpl.invoke(NativeMethodAccessorImpl.java:62)
	at sun.reflect.DelegatingMethodAccessorImpl.invoke(DelegatingMethodAccessorImpl.java:43)
	at java.lang.reflect.Method.invoke(Method.java:498)
	at org.testng.internal.MethodInvocationHelper.invokeMethod(MethodInvocationHelper.java:108)
	at org.testng.internal.Invoker.invokeConfigurationMethod(Invoker.java:523)
	at org.testng.internal.Invoker.invokeConfigurations(Invoker.java:224)
	at org.testng.internal.Invoker.invokeConfigurations(Invoker.java:146)
	at org.testng.internal.TestMethodWorker.invokeBeforeClassMethods(TestMethodWorker.java:166)
	at org.testng.internal.TestMethodWorker.run(TestMethodWorker.java:105)
	at org.testng.TestRunner.privateRun(TestRunner.java:744)
	at org.testng.TestRunner.run(TestRunner.java:602)
	at org.testng.SuiteRunner.runTest(SuiteRunner.java:380)
	at org.testng.SuiteRunner.runSequentially(SuiteRunner.java:375)
	at org.testng.SuiteRunner.privateRun(SuiteRunner.java:340)
	at org.testng.SuiteRunner.run(SuiteRunner.java:289)
	at org.testng.SuiteRunnerWorker.runSuite(SuiteRunnerWorker.java:52)
	at org.testng.SuiteRunnerWorker.run(SuiteRunnerWorker.java:86)
	at org.testng.TestNG.runSuitesSequentially(TestNG.java:1301)
	at org.testng.TestNG.runSuitesLocally(TestNG.java:1226)
	at org.testng.TestNG.runSuites(TestNG.java:1144)
	at org.testng.TestNG.run(TestNG.java:1115)
	at org.testng.remote.AbstractRemoteTestNG.run(AbstractRemoteTestNG.java:132)
	at org.testng.remote.RemoteTestNG.initAndRun(RemoteTestNG.java:230)
	at org.testng.remote.RemoteTestNG.main(RemoteTestNG.java:76)
]]>
    </error>
  </testcase> <!-- deleteProgram1 -->
</testsuite> <!-- iam.PROGRAM_delete_program.TC_04_delete_program_with_active_status_programkey -->
